2019-10-04 20:02:51  HttpDownloader::getURL: url: https://emsfs.autodesk.com/utility/wingman/update.xml
2019-10-04 20:02:51  HttpDownloader::getURL: use user proxy settings.
2019-10-04 20:02:51  HttpDownloader::getURL: download file C:\WINDOWS\TEMP\AdAppMgrUpdater\update.xml completed
2019-10-04 20:02:51  Successfully downloaded update.xml
2019-10-04 20:02:51  Compare Version: 7.0.16.29 To: 7.0.15.17
2019-10-04 20:02:51  INFO: Installer not downloaded!2019-10-04 20:02:51  INFO: HttpDownloader::getInstaller(): Downloaded version: 
2019-10-04 20:02:51  HttpDownloader::getURL: url: https://emsfs.autodesk.com/utility/wingman/installer/7_0_16_29/AdApplicationManager-installer.exe
2019-10-04 20:02:52  HttpDownloader::getURL: use user proxy settings.
2019-10-04 20:02:55  HttpDownloader::updateProgress TotalDownloadBytes: 122108160 DownloadedBytes: 2747942
2019-10-04 20:02:58  HttpDownloader::updateProgress TotalDownloadBytes: 122108160 DownloadedBytes: 3505334
2019-10-04 20:03:01  HttpDownloader::updateProgress TotalDownloadBytes: 122108160 DownloadedBytes: 3757990
2019-10-04 20:03:04  HttpDownloader::updateProgress TotalDownloadBytes: 122108160 DownloadedBytes: 4156854
2019-10-04 20:03:07  HttpDownloader::updateProgress TotalDownloadBytes: 122108160 DownloadedBytes: 4755510
2019-10-04 20:03:10  HttpDownloader::updateProgress TotalDownloadBytes: 122108160 DownloadedBytes: 4885814
2019-10-04 20:03:13  HttpDownloader::updateProgress TotalDownloadBytes: 122108160 DownloadedBytes: 5749174
2019-10-04 20:03:16  HttpDownloader::updateProgress TotalDownloadBytes: 122108160 DownloadedBytes: 6714406
2019-10-04 20:03:19  HttpDownloader::updateProgress TotalDownloadBytes: 122108160 DownloadedBytes: 7064502
2019-10-04 20:03:22  HttpDownloader::updateProgress TotalDownloadBytes: 122108160 DownloadedBytes: 7439030
2019-10-04 20:03:25  HttpDownloader::updateProgress TotalDownloadBytes: 122108160 DownloadedBytes: 8302390
2019-10-04 20:03:28  HttpDownloader::updateProgress TotalDownloadBytes: 122108160 DownloadedBytes: 9186085
2019-10-04 20:03:31  HttpDownloader::updateProgress TotalDownloadBytes: 122108160 DownloadedBytes: 9332773
2019-10-04 20:03:34  HttpDownloader::updateProgress TotalDownloadBytes: 122108160 DownloadedBytes: 9902757
2019-10-04 20:03:37  HttpDownloader::updateProgress TotalDownloadBytes: 122108160 DownloadedBytes: 10680484
2019-10-04 20:03:40  HttpDownloader::updateProgress TotalDownloadBytes: 122108160 DownloadedBytes: 11087780
2019-10-04 20:03:43  HttpDownloader::updateProgress TotalDownloadBytes: 122108160 DownloadedBytes: 11364772
2019-10-04 20:03:46  HttpDownloader::updateProgress TotalDownloadBytes: 122108160 DownloadedBytes: 11934756
2019-10-04 20:03:49  HttpDownloader::updateProgress TotalDownloadBytes: 122108160 DownloadedBytes: 12219700
2019-10-04 20:03:53  HttpDownloader::updateProgress TotalDownloadBytes: 122108160 DownloadedBytes: 12431540
2019-10-04 20:03:56  HttpDownloader::updateProgress TotalDownloadBytes: 122108160 DownloadedBytes: 12455972
2019-10-04 20:03:59  HttpDownloader::updateProgress TotalDownloadBytes: 122108160 DownloadedBytes: 12810405
2019-10-04 20:04:02  HttpDownloader::updateProgress TotalDownloadBytes: 122108160 DownloadedBytes: 13201317
2019-10-04 20:04:05  HttpDownloader::updateProgress TotalDownloadBytes: 122108160 DownloadedBytes: 13616565
2019-10-04 20:04:08  HttpDownloader::updateProgress TotalDownloadBytes: 122108160 DownloadedBytes: 14801589
2019-10-04 20:04:11  HttpDownloader::updateProgress TotalDownloadBytes: 122108160 DownloadedBytes: 15827637
2019-10-04 20:04:14  HttpDownloader::updateProgress TotalDownloadBytes: 122108160 DownloadedBytes: 17142966
2019-10-04 20:04:17  HttpDownloader::updateProgress TotalDownloadBytes: 122108160 DownloadedBytes: 17558310
2019-10-04 20:04:20  HttpDownloader::updateProgress TotalDownloadBytes: 122108160 DownloadedBytes: 18747430
2019-10-04 20:04:23  HttpDownloader::updateProgress TotalDownloadBytes: 122108160 DownloadedBytes: 19460004
2019-10-04 20:04:26  HttpDownloader::updateProgress TotalDownloadBytes: 122108160 DownloadedBytes: 20111524
2019-10-04 20:04:29  HttpDownloader::updateProgress TotalDownloadBytes: 122108160 DownloadedBytes: 20437284
2019-10-04 20:04:32  HttpDownloader::updateProgress TotalDownloadBytes: 122108160 DownloadedBytes: 21768996
2019-10-04 20:04:35  HttpDownloader::updateProgress TotalDownloadBytes: 122108160 DownloadedBytes: 23279781
2019-10-04 20:04:38  HttpDownloader::updateProgress TotalDownloadBytes: 122108160 DownloadedBytes: 23434421
2019-10-04 20:04:41  HttpDownloader::updateProgress TotalDownloadBytes: 122108160 DownloadedBytes: 23760181
2019-10-04 20:04:44  HttpDownloader::updateProgress TotalDownloadBytes: 122108160 DownloadedBytes: 24957349
2019-10-04 20:04:47  HttpDownloader::updateProgress TotalDownloadBytes: 122108160 DownloadedBytes: 25523621
2019-10-04 20:04:50  HttpDownloader::updateProgress TotalDownloadBytes: 122108160 DownloadedBytes: 26468133
2019-10-04 20:04:53  HttpDownloader::updateProgress TotalDownloadBytes: 122108160 DownloadedBytes: 28149940
2019-10-04 20:04:56  HttpDownloader::updateProgress TotalDownloadBytes: 122108160 DownloadedBytes: 30442548
2019-10-04 20:04:59  HttpDownloader::updateProgress TotalDownloadBytes: 122108160 DownloadedBytes: 31281572
2019-10-04 20:05:02  HttpDownloader::updateProgress TotalDownloadBytes: 122108160 DownloadedBytes: 31603237
2019-10-04 20:05:05  HttpDownloader::updateProgress TotalDownloadBytes: 122108160 DownloadedBytes: 32881845
2019-10-04 20:05:08  HttpDownloader::updateProgress TotalDownloadBytes: 122108160 DownloadedBytes: 34074916
2019-10-04 20:05:11  HttpDownloader::updateProgress TotalDownloadBytes: 122108160 DownloadedBytes: 35092916
2019-10-04 20:05:14  HttpDownloader::updateProgress TotalDownloadBytes: 122108160 DownloadedBytes: 36123300
2019-10-04 20:05:17  HttpDownloader::updateProgress TotalDownloadBytes: 122108160 DownloadedBytes: 37735716
2019-10-04 20:05:20  HttpDownloader::updateProgress TotalDownloadBytes: 122108160 DownloadedBytes: 38855588
2019-10-04 20:05:23  HttpDownloader::updateProgress TotalDownloadBytes: 122108160 DownloadedBytes: 39800484
2019-10-04 20:05:26  HttpDownloader::updateProgress TotalDownloadBytes: 122108160 DownloadedBytes: 41832484
2019-10-04 20:05:29  HttpDownloader::updateProgress TotalDownloadBytes: 122108160 DownloadedBytes: 42333220
2019-10-04 20:05:33  HttpDownloader::updateProgress TotalDownloadBytes: 122108160 DownloadedBytes: 43286068
2019-10-04 20:05:36  HttpDownloader::updateProgress TotalDownloadBytes: 122108160 DownloadedBytes: 44430374
2019-10-04 20:05:39  HttpDownloader::updateProgress TotalDownloadBytes: 122108160 DownloadedBytes: 45603110
2019-10-04 20:05:42  HttpDownloader::updateProgress TotalDownloadBytes: 122108160 DownloadedBytes: 46609060
2019-10-04 20:05:45  HttpDownloader::updateProgress TotalDownloadBytes: 122108160 DownloadedBytes: 46788132
2019-10-04 20:05:48  HttpDownloader::updateProgress TotalDownloadBytes: 122108160 DownloadedBytes: 47456036
2019-10-04 20:05:51  HttpDownloader::updateProgress TotalDownloadBytes: 122108160 DownloadedBytes: 48527140
2019-10-04 20:05:54  HttpDownloader::updateProgress TotalDownloadBytes: 122108160 DownloadedBytes: 48901668
2019-10-04 20:05:57  HttpDownloader::updateProgress TotalDownloadBytes: 122108160 DownloadedBytes: 49162276
2019-10-04 20:06:00  HttpDownloader::updateProgress TotalDownloadBytes: 122108160 DownloadedBytes: 50428836
2019-10-04 20:06:03  HttpDownloader::updateProgress TotalDownloadBytes: 122108160 DownloadedBytes: 50998820
2019-10-04 20:06:06  HttpDownloader::updateProgress TotalDownloadBytes: 122108160 DownloadedBytes: 51300148
2019-10-04 20:06:09  HttpDownloader::updateProgress TotalDownloadBytes: 122108160 DownloadedBytes: 51959716
2019-10-04 20:06:12  HttpDownloader::updateProgress TotalDownloadBytes: 122108160 DownloadedBytes: 52900516
2019-10-04 20:06:15  HttpDownloader::updateProgress TotalDownloadBytes: 122108160 DownloadedBytes: 53177508
2019-10-04 20:06:18  HttpDownloader::updateProgress TotalDownloadBytes: 122108160 DownloadedBytes: 53340196
2019-10-04 20:06:21  HttpDownloader::updateProgress TotalDownloadBytes: 122108160 DownloadedBytes: 54688292
2019-10-04 20:06:24  HttpDownloader::updateProgress TotalDownloadBytes: 122108160 DownloadedBytes: 55779492
2019-10-04 20:06:27  HttpDownloader::updateProgress TotalDownloadBytes: 122108160 DownloadedBytes: 57119156
2019-10-04 20:06:30  HttpDownloader::updateProgress TotalDownloadBytes: 122108160 DownloadedBytes: 57249460
2019-10-04 20:06:33  HttpDownloader::updateProgress TotalDownloadBytes: 122108160 DownloadedBytes: 57510068
2019-10-04 20:06:36  HttpDownloader::updateProgress TotalDownloadBytes: 122108160 DownloadedBytes: 58699188
2019-10-04 20:06:39  HttpDownloader::updateProgress TotalDownloadBytes: 122108160 DownloadedBytes: 59648036
2019-10-04 20:06:42  HttpDownloader::updateProgress TotalDownloadBytes: 122108160 DownloadedBytes: 60690468
2019-10-04 20:06:45  HttpDownloader::updateProgress TotalDownloadBytes: 122108160 DownloadedBytes: 62217637
2019-10-04 20:06:48  HttpDownloader::updateProgress TotalDownloadBytes: 122108160 DownloadedBytes: 62787621
2019-10-04 20:06:51  HttpDownloader::updateProgress TotalDownloadBytes: 122108160 DownloadedBytes: 62914560
2019-10-04 20:06:54  HttpDownloader::updateProgress TotalDownloadBytes: 122108160 DownloadedBytes: 63239588
2019-10-04 20:06:57  HttpDownloader::updateProgress TotalDownloadBytes: 122108160 DownloadedBytes: 63500196
2019-10-04 20:07:00  HttpDownloader::updateProgress TotalDownloadBytes: 122108160 DownloadedBytes: 63646884
2019-10-04 20:07:03  HttpDownloader::updateProgress TotalDownloadBytes: 122108160 DownloadedBytes: 63817908
2019-10-04 20:07:06  HttpDownloader::updateProgress TotalDownloadBytes: 122108160 DownloadedBytes: 64143668
2019-10-04 20:07:09  HttpDownloader::updateProgress TotalDownloadBytes: 122108160 DownloadedBytes: 64428708
2019-10-04 20:07:12  HttpDownloader::updateProgress TotalDownloadBytes: 122108160 DownloadedBytes: 65393844
2019-10-04 20:07:15  HttpDownloader::updateProgress TotalDownloadBytes: 122108160 DownloadedBytes: 66028980
2019-10-04 20:07:18  HttpDownloader::updateProgress TotalDownloadBytes: 122108160 DownloadedBytes: 66607396
2019-10-04 20:07:21  HttpDownloader::updateProgress TotalDownloadBytes: 122108160 DownloadedBytes: 67165236
2019-10-04 20:07:24  HttpDownloader::updateProgress TotalDownloadBytes: 122108160 DownloadedBytes: 68183332
2019-10-04 20:07:27  HttpDownloader::updateProgress TotalDownloadBytes: 122108160 DownloadedBytes: 68411172
2019-10-04 20:07:30  HttpDownloader::updateProgress TotalDownloadBytes: 122108160 DownloadedBytes: 69392693
2019-10-04 20:07:33  HttpDownloader::updateProgress TotalDownloadBytes: 122108160 DownloadedBytes: 70003493
2019-10-04 20:07:36  HttpDownloader::updateProgress TotalDownloadBytes: 122108160 DownloadedBytes: 70312869
2019-10-04 20:07:39  HttpDownloader::updateProgress TotalDownloadBytes: 122108160 DownloadedBytes: 71094693
2019-10-04 20:07:42  HttpDownloader::updateProgress TotalDownloadBytes: 122108160 DownloadedBytes: 71970340
2019-10-04 20:07:45  HttpDownloader::updateProgress TotalDownloadBytes: 122108160 DownloadedBytes: 72255284
2019-10-04 20:07:48  HttpDownloader::updateProgress TotalDownloadBytes: 122108160 DownloadedBytes: 72605476
2019-10-04 20:07:51  HttpDownloader::updateProgress TotalDownloadBytes: 122108160 DownloadedBytes: 73627812
2019-10-04 20:07:54  HttpDownloader::updateProgress TotalDownloadBytes: 122108160 DownloadedBytes: 74808500
2019-10-04 20:07:57  HttpDownloader::updateProgress TotalDownloadBytes: 122108160 DownloadedBytes: 75530240
2019-10-04 20:08:00  HttpDownloader::updateProgress TotalDownloadBytes: 122108160 DownloadedBytes: 76188980
2019-10-04 20:08:03  HttpDownloader::updateProgress TotalDownloadBytes: 122108160 DownloadedBytes: 77789348
2019-10-04 20:08:06  HttpDownloader::updateProgress TotalDownloadBytes: 122108160 DownloadedBytes: 78220980
2019-10-04 20:08:09  HttpDownloader::updateProgress TotalDownloadBytes: 122108160 DownloadedBytes: 78343332
2019-10-04 20:08:12  HttpDownloader::updateProgress TotalDownloadBytes: 122108160 DownloadedBytes: 79255460
2019-10-04 20:08:15  HttpDownloader::updateProgress TotalDownloadBytes: 122108160 DownloadedBytes: 80073908
2019-10-04 20:08:18  HttpDownloader::updateProgress TotalDownloadBytes: 122108160 DownloadedBytes: 81010468
2019-10-04 20:08:21  HttpDownloader::updateProgress TotalDownloadBytes: 122108160 DownloadedBytes: 81645604
2019-10-04 20:08:24  HttpDownloader::updateProgress TotalDownloadBytes: 122108160 DownloadedBytes: 83612452
2019-10-04 20:08:27  HttpDownloader::updateProgress TotalDownloadBytes: 122108160 DownloadedBytes: 84072756
2019-10-04 20:08:30  HttpDownloader::updateProgress TotalDownloadBytes: 122108160 DownloadedBytes: 84992932
2019-10-04 20:08:33  HttpDownloader::updateProgress TotalDownloadBytes: 122108160 DownloadedBytes: 86088372
2019-10-04 20:08:36  HttpDownloader::updateProgress TotalDownloadBytes: 122108160 DownloadedBytes: 88059316
2019-10-04 20:08:39  HttpDownloader::updateProgress TotalDownloadBytes: 122108160 DownloadedBytes: 91023781
2019-10-04 20:08:42  HttpDownloader::updateProgress TotalDownloadBytes: 122108160 DownloadedBytes: 92526516
2019-10-04 20:08:45  HttpDownloader::updateProgress TotalDownloadBytes: 122108160 DownloadedBytes: 93031348
2019-10-04 20:08:48  HttpDownloader::updateProgress TotalDownloadBytes: 122108160 DownloadedBytes: 95470644
2019-10-04 20:08:51  HttpDownloader::updateProgress TotalDownloadBytes: 122108160 DownloadedBytes: 96810404
2019-10-04 20:08:54  HttpDownloader::updateProgress TotalDownloadBytes: 122108160 DownloadedBytes: 97877172
2019-10-04 20:08:57  HttpDownloader::updateProgress TotalDownloadBytes: 122108160 DownloadedBytes: 98826019
2019-10-04 20:09:00  HttpDownloader::updateProgress TotalDownloadBytes: 122108160 DownloadedBytes: 99648563
2019-10-04 20:09:03  HttpDownloader::updateProgress TotalDownloadBytes: 122108160 DownloadedBytes: 101086242
2019-10-04 20:09:06  HttpDownloader::updateProgress TotalDownloadBytes: 122108160 DownloadedBytes: 101525922
2019-10-04 20:09:09  HttpDownloader::updateProgress TotalDownloadBytes: 122108160 DownloadedBytes: 102128674
2019-10-04 20:09:12  HttpDownloader::updateProgress TotalDownloadBytes: 122108160 DownloadedBytes: 102356514
2019-10-04 20:09:15  HttpDownloader::updateProgress TotalDownloadBytes: 122108160 DownloadedBytes: 102930738
2019-10-04 20:09:18  HttpDownloader::updateProgress TotalDownloadBytes: 122108160 DownloadedBytes: 103207730
2019-10-04 20:09:21  HttpDownloader::updateProgress TotalDownloadBytes: 122108160 DownloadedBytes: 103818530
2019-10-04 20:09:24  HttpDownloader::updateProgress TotalDownloadBytes: 122108160 DownloadedBytes: 105109427
2019-10-04 20:09:27  HttpDownloader::updateProgress TotalDownloadBytes: 122108160 DownloadedBytes: 105476003
2019-10-04 20:09:30  HttpDownloader::updateProgress TotalDownloadBytes: 122108160 DownloadedBytes: 106086707
2019-10-04 20:09:33  HttpDownloader::updateProgress TotalDownloadBytes: 122108160 DownloadedBytes: 106852147
2019-10-04 20:09:36  HttpDownloader::updateProgress TotalDownloadBytes: 122108160 DownloadedBytes: 107214626
2019-10-04 20:09:39  HttpDownloader::updateProgress TotalDownloadBytes: 122108160 DownloadedBytes: 107361314
2019-10-04 20:09:42  HttpDownloader::updateProgress TotalDownloadBytes: 122108160 DownloadedBytes: 107670690
2019-10-04 20:09:45  HttpDownloader::updateProgress TotalDownloadBytes: 122108160 DownloadedBytes: 108077986
2019-10-04 20:09:48  HttpDownloader::updateProgress TotalDownloadBytes: 122108160 DownloadedBytes: 108297778
2019-10-04 20:09:51  HttpDownloader::updateProgress TotalDownloadBytes: 122108160 DownloadedBytes: 108647970
2019-10-04 20:09:54  HttpDownloader::updateProgress TotalDownloadBytes: 122108160 DownloadedBytes: 109759794
2019-10-04 20:09:57  HttpDownloader::updateProgress TotalDownloadBytes: 122108160 DownloadedBytes: 110158754
2019-10-04 20:10:00  HttpDownloader::updateProgress TotalDownloadBytes: 122108160 DownloadedBytes: 110321826
2019-10-04 20:10:03  HttpDownloader::updateProgress TotalDownloadBytes: 122108160 DownloadedBytes: 111087266
2019-10-04 20:10:06  HttpDownloader::updateProgress TotalDownloadBytes: 122108160 DownloadedBytes: 111514804
2019-10-04 20:10:09  HttpDownloader::updateProgress TotalDownloadBytes: 122108160 DownloadedBytes: 112296628
2019-10-04 20:10:12  HttpDownloader::updateProgress TotalDownloadBytes: 122108160 DownloadedBytes: 113078452
2019-10-04 20:10:15  HttpDownloader::updateProgress TotalDownloadBytes: 122108160 DownloadedBytes: 114279858
2019-10-04 20:10:18  HttpDownloader::updateProgress TotalDownloadBytes: 122108160 DownloadedBytes: 116157218
2019-10-04 20:10:21  HttpDownloader::updateProgress TotalDownloadBytes: 122108160 DownloadedBytes: 116466594
2019-10-04 20:10:24  HttpDownloader::updateProgress TotalDownloadBytes: 122108160 DownloadedBytes: 116767922
2019-10-04 20:10:27  HttpDownloader::updateProgress TotalDownloadBytes: 122108160 DownloadedBytes: 118824355
2019-10-04 20:10:30  HttpDownloader::updateProgress TotalDownloadBytes: 122108160 DownloadedBytes: 119537664
2019-10-04 20:10:33  HttpDownloader::updateProgress TotalDownloadBytes: 122108160 DownloadedBytes: 119642802
2019-10-04 20:10:36  HttpDownloader::updateProgress TotalDownloadBytes: 122108160 DownloadedBytes: 119944226
2019-10-04 20:10:39  HttpDownloader::updateProgress TotalDownloadBytes: 122108160 DownloadedBytes: 120530594
2019-10-04 20:10:44  HttpDownloader::getURL: download file C:\WINDOWS\TEMP\AdAppMgrUpdater\AdApplicationManager-installer.exe completed
2019-10-04 20:10:46  The file "C:\WINDOWS\TEMP\AdAppMgrUpdater\AdApplicationManager-installer.exe" is signed.
2019-10-04 20:10:46  A certificate with a subject name [Autodesk, Inc] has been found!
2019-10-04 20:10:46  Successfully downloaded Installer, install it now
2019-10-04 20:10:46  Wating for service to become idle.
